<?xml version="1.1" encoding="UTF-8"?>
<testsuite name="tw.codedata.DvdControllerTest" tests="2" failures="0" errors="0" timestamp="2014-03-17T06:46:20" hostname="codedata-VirtualBox" time="0.018">
  <properties/>
  <testcase name="testAdd" classname="tw.codedata.DvdControllerTest" time="0.009"/>
  <testcase name="testList" classname="tw.codedata.DvdControllerTest" time="0.0"/>
  <system-out><![CDATA[]]></system-out>
  <system-err><![CDATA[]]></system-err>
</testsuite>
